# JRE version: Java(TM) SE Runtime Environment (8.0_161-b12) (build 1.8.0_161-b12)
# Java VM: Java HotSpot(TM) 64-Bit Server VM (25.161-b12 mixed mode windows-amd64 compressed oops)
Heap:
 PSYoungGen      total 220160K, used 78933K [0x00000000d6600000, 0x00000000e9580000, 0x0000000100000000)
  eden space 207872K, 32% used [0x00000000d6600000,0x00000000da719cb0,0x00000000e3100000)
  from space 12288K, 99% used [0x00000000e3100000,0x00000000e3cfb788,0x00000000e3d00000)
  to   space 15872K, 0% used [0x00000000e8600000,0x00000000e8600000,0x00000000e9580000)
 ParOldGen       total 54272K, used 15523K [0x0000000083200000, 0x0000000086700000, 0x00000000d6600000)
  object space 54272K, 28% used [0x0000000083200000,0x0000000084128f48,0x0000000086700000)
 Metaspace       used 33836K, capacity 34472K, committed 34816K, reserved 1079296K
  class space    used 4381K, capacity 4557K, committed 4608K, reserved 1048576K
GC Heap History (10 events):
Event: 1.218 GC heap before
{Heap before GC invocations=6 (full 0):
 PSYoungGen      total 70656K, used 19356K [0x00000000d6600000, 0x00000000df800000, 0x0000000100000000)
  eden space 65536K, 21% used [0x00000000d6600000,0x00000000d73ebba0,0x00000000da600000)
  from space 5120K, 99% used [0x00000000da600000,0x00000000daafb848,0x00000000dab00000)
  to   space 9216K, 0% used [0x00000000def00000,0x00000000def00000,0x00000000df800000)
 ParOldGen       total 86016K, used 6034K [0x0000000083200000, 0x0000000088600000, 0x00000000d6600000)
  object space 86016K, 7% used [0x0000000083200000,0x00000000837e4a10,0x0000000088600000)
 Metaspace       used 20773K, capacity 21126K, committed 21248K, reserved 1067008K
  class space    used 2638K, capacity 2730K, committed 2816K, reserved 1048576K
Event: 1.223 GC heap after
Heap after GC invocations=6 (full 0):
 PSYoungGen      total 140288K, used 5483K [0x00000000d6600000, 0x00000000df800000, 0x0000000100000000)
  eden space 131072K, 0% used [0x00000000d6600000,0x00000000d6600000,0x00000000de600000)
  from space 9216K, 59% used [0x00000000def00000,0x00000000df45aeb8,0x00000000df800000)
  to   space 9216K, 0% used [0x00000000de600000,0x00000000de600000,0x00000000def00000)
 ParOldGen       total 86016K, used 6042K [0x0000000083200000, 0x0000000088600000, 0x00000000d6600000)
  object space 86016K, 7% used [0x0000000083200000,0x00000000837e6a10,0x0000000088600000)
 Metaspace       used 20773K, capacity 21126K, committed 21248K, reserved 1067008K
  class space    used 2638K, capacity 2730K, committed 2816K, reserved 1048576K
}
Event: 1.223 GC heap before
{Heap before GC invocations=7 (full 1):
 PSYoungGen      total 140288K, used 5483K [0x00000000d6600000, 0x00000000df800000, 0x0000000100000000)
  eden space 131072K, 0% used [0x00000000d6600000,0x00000000d6600000,0x00000000de600000)
  from space 9216K, 59% used [0x00000000def00000,0x00000000df45aeb8,0x00000000df800000)
  to   space 9216K, 0% used [0x00000000de600000,0x00000000de600000,0x00000000def00000)
 ParOldGen       total 86016K, used 6042K [0x0000000083200000, 0x0000000088600000, 0x00000000d6600000)
  object space 86016K, 7% used [0x0000000083200000,0x00000000837e6a10,0x0000000088600000)
 Metaspace       used 20773K, capacity 21126K, committed 21248K, reserved 1067008K
  class space    used 2638K, capacity 2730K, committed 2816K, reserved 1048576K
Event: 1.244 GC heap after
Heap after GC invocations=7 (full 1):
 PSYoungGen      total 140288K, used 0K [0x00000000d6600000, 0x00000000df800000, 0x0000000100000000)
  eden space 131072K, 0% used [0x00000000d6600000,0x00000000d6600000,0x00000000de600000)
  from space 9216K, 0% used [0x00000000def00000,0x00000000def00000,0x00000000df800000)
  to   space 9216K, 0% used [0x00000000de600000,0x00000000de600000,0x00000000def00000)
 ParOldGen       total 54272K, used 6294K [0x0000000083200000, 0x0000000086700000, 0x00000000d6600000)
  object space 54272K, 11% used [0x0000000083200000,0x0000000083825978,0x0000000086700000)
 Metaspace       used 20773K, capacity 21126K, committed 21248K, reserved 1067008K
  class space    used 2638K, capacity 2730K, committed 2816K, reserved 1048576K
}
Event: 1.707 GC heap before
{Heap before GC invocations=8 (full 1):
 PSYoungGen      total 140288K, used 131072K [0x00000000d6600000, 0x00000000df800000, 0x0000000100000000)
  eden space 131072K, 100% used [0x00000000d6600000,0x00000000de600000,0x00000000de600000)
  from space 9216K, 0% used [0x00000000def00000,0x00000000def00000,0x00000000df800000)
  to   space 9216K, 0% used [0x00000000de600000,0x00000000de600000,0x00000000def00000)
 ParOldGen       total 54272K, used 6294K [0x0000000083200000, 0x0000000086700000, 0x00000000d6600000)
  object space 54272K, 11% used [0x0000000083200000,0x0000000083825978,0x0000000086700000)
 Metaspace       used 23645K, capacity 24058K, committed 24192K, reserved 1071104K
  class space    used 3060K, capacity 3160K, committed 3200K, reserved 1048576K
Event: 1.713 GC heap after
Heap after GC invocations=8 (full 1):
 PSYoungGen      total 140288K, used 7515K [0x00000000d6600000, 0x00000000e4600000, 0x0000000100000000)
  eden space 131072K, 0% used [0x00000000d6600000,0x00000000d6600000,0x00000000de600000)
  from space 9216K, 81% used [0x00000000de600000,0x00000000ded56d40,0x00000000def00000)
  to   space 9216K, 0% used [0x00000000e3d00000,0x00000000e3d00000,0x00000000e4600000)
 ParOldGen       total 54272K, used 6302K [0x0000000083200000, 0x0000000086700000, 0x00000000d6600000)
  object space 54272K, 11% used [0x0000000083200000,0x0000000083827978,0x0000000086700000)
 Metaspace       used 23645K, capacity 24058K, committed 24192K, reserved 1071104K
  class space    used 3060K, capacity 3160K, committed 3200K, reserved 1048576K
}
Event: 2.119 GC heap before
{Heap before GC invocations=9 (full 1):
 PSYoungGen      total 140288K, used 138587K [0x00000000d6600000, 0x00000000e4600000, 0x0000000100000000)
  eden space 131072K, 100% used [0x00000000d6600000,0x00000000de600000,0x00000000de600000)
  from space 9216K, 81% used [0x00000000de600000,0x00000000ded56d40,0x00000000def00000)
  to   space 9216K, 0% used [0x00000000e3d00000,0x00000000e3d00000,0x00000000e4600000)
 ParOldGen       total 54272K, used 6302K [0x0000000083200000, 0x0000000086700000, 0x00000000d6600000)
  object space 54272K, 11% used [0x0000000083200000,0x0000000083827978,0x0000000086700000)
 Metaspace       used 27720K, capacity 28194K, committed 28416K, reserved 1073152K
  class space    used 3580K, capacity 3716K, committed 3840K, reserved 1048576K
Event: 2.128 GC heap after
Heap after GC invocations=9 (full 1):
 PSYoungGen      total 217088K, used 9185K [0x00000000d6600000, 0x00000000e4a80000, 0x0000000100000000)
  eden space 207872K, 0% used [0x00000000d6600000,0x00000000d6600000,0x00000000e3100000)
  from space 9216K, 99% used [0x00000000e3d00000,0x00000000e45f87b8,0x00000000e4600000)
  to   space 12288K, 0% used [0x00000000e3100000,0x00000000e3100000,0x00000000e3d00000)
 ParOldGen       total 54272K, used 10992K [0x0000000083200000, 0x0000000086700000, 0x00000000d6600000)
  object space 54272K, 20% used [0x0000000083200000,0x0000000083cbc018,0x0000000086700000)
 Metaspace       used 27720K, capacity 28194K, committed 28416K, reserved 1073152K
  class space    used 3580K, capacity 3716K, committed 3840K, reserved 1048576K
}
Event: 2.833 GC heap before
{Heap before GC invocations=10 (full 1):
 PSYoungGen      total 217088K, used 217057K [0x00000000d6600000, 0x00000000e4a80000, 0x0000000100000000)
  eden space 207872K, 100% used [0x00000000d6600000,0x00000000e3100000,0x00000000e3100000)
  from space 9216K, 99% used [0x00000000e3d00000,0x00000000e45f87b8,0x00000000e4600000)
  to   space 12288K, 0% used [0x00000000e3100000,0x00000000e3100000,0x00000000e3d00000)
 ParOldGen       total 54272K, used 10992K [0x0000000083200000, 0x0000000086700000, 0x00000000d6600000)
  object space 54272K, 20% used [0x0000000083200000,0x0000000083cbc018,0x0000000086700000)
 Metaspace       used 30993K, capacity 31494K, committed 31872K, reserved 1077248K
  class space    used 4026K, capacity 4154K, committed 4224K, reserved 1048576K
Event: 2.843 GC heap after
Heap after GC invocations=10 (full 1):
 PSYoungGen      total 220160K, used 12269K [0x00000000d6600000, 0x00000000e9580000, 0x0000000100000000)
  eden space 207872K, 0% used [0x00000000d6600000,0x00000000d6600000,0x00000000e3100000)
  from space 12288K, 99% used [0x00000000e3100000,0x00000000e3cfb788,0x00000000e3d00000)
  to   space 15872K, 0% used [0x00000000e8600000,0x00000000e8600000,0x00000000e9580000)
 ParOldGen       total 54272K, used 15523K [0x0000000083200000, 0x0000000086700000, 0x00000000d6600000)
  object space 54272K, 28% used [0x0000000083200000,0x0000000084128f48,0x0000000086700000)
 Metaspace       used 30993K, capacity 31494K, committed 31872K, reserved 1077248K
  class space    used 4026K, capacity 4154K, committed 4224K, reserved 1048576K
}

