# JRE version: Java(TM) SE Runtime Environment (8.0_161-b12) (build 1.8.0_161-b12)
# Java VM: Java HotSpot(TM) 64-Bit Server VM (25.161-b12 mixed mode windows-amd64 compressed oops)
Heap:
 PSYoungGen      total 115712K, used 24988K [0x00000000d6600000, 0x00000000ef580000, 0x0000000100000000)
  eden space 114176K, 21% used [0x00000000d6600000,0x00000000d7e17380,0x00000000dd580000)
  from space 1536K, 20% used [0x00000000ef280000,0x00000000ef2d0000,0x00000000ef400000)
  to   space 1536K, 0% used [0x00000000ef400000,0x00000000ef400000,0x00000000ef580000)
 ParOldGen       total 96768K, used 32045K [0x0000000083200000, 0x0000000089080000, 0x00000000d6600000)
  object space 96768K, 33% used [0x0000000083200000,0x000000008514b430,0x0000000089080000)
 Metaspace       used 44290K, capacity 44914K, committed 45144K, reserved 1089536K
  class space    used 5817K, capacity 6004K, committed 6016K, reserved 1048576K
GC Heap History (10 events):
Event: 151.811 GC heap before
{Heap before GC invocations=55 (full 2):
 PSYoungGen      total 134144K, used 133952K [0x00000000d6600000, 0x00000000ef880000, 0x0000000100000000)
  eden space 133632K, 100% used [0x00000000d6600000,0x00000000de880000,0x00000000de880000)
  from space 512K, 62% used [0x00000000ef800000,0x00000000ef850000,0x00000000ef880000)
  to   space 2048K, 0% used [0x00000000ef480000,0x00000000ef480000,0x00000000ef680000)
 ParOldGen       total 96768K, used 31941K [0x0000000083200000, 0x0000000089080000, 0x00000000d6600000)
  object space 96768K, 33% used [0x0000000083200000,0x0000000085131400,0x0000000089080000)
 Metaspace       used 44290K, capacity 44914K, committed 45144K, reserved 1089536K
  class space    used 5817K, capacity 6004K, committed 6016K, reserved 1048576K
Event: 151.813 GC heap after
Heap after GC invocations=55 (full 2):
 PSYoungGen      total 131584K, used 320K [0x00000000d6600000, 0x00000000ef880000, 0x0000000100000000)
  eden space 129536K, 0% used [0x00000000d6600000,0x00000000d6600000,0x00000000de480000)
  from space 2048K, 15% used [0x00000000ef480000,0x00000000ef4d0000,0x00000000ef680000)
  to   space 2048K, 0% used [0x00000000ef680000,0x00000000ef680000,0x00000000ef880000)
 ParOldGen       total 96768K, used 32029K [0x0000000083200000, 0x0000000089080000, 0x00000000d6600000)
  object space 96768K, 33% used [0x0000000083200000,0x0000000085147430,0x0000000089080000)
 Metaspace       used 44290K, capacity 44914K, committed 45144K, reserved 1089536K
  class space    used 5817K, capacity 6004K, committed 6016K, reserved 1048576K
}
Event: 153.086 GC heap before
{Heap before GC invocations=56 (full 2):
 PSYoungGen      total 131584K, used 129856K [0x00000000d6600000, 0x00000000ef880000, 0x0000000100000000)
  eden space 129536K, 100% used [0x00000000d6600000,0x00000000de480000,0x00000000de480000)
  from space 2048K, 15% used [0x00000000ef480000,0x00000000ef4d0000,0x00000000ef680000)
  to   space 2048K, 0% used [0x00000000ef680000,0x00000000ef680000,0x00000000ef880000)
 ParOldGen       total 96768K, used 32029K [0x0000000083200000, 0x0000000089080000, 0x00000000d6600000)
  object space 96768K, 33% used [0x0000000083200000,0x0000000085147430,0x0000000089080000)
 Metaspace       used 44290K, capacity 44914K, committed 45144K, reserved 1089536K
  class space    used 5817K, capacity 6004K, committed 6016K, reserved 1048576K
Event: 153.087 GC heap after
Heap after GC invocations=56 (full 2):
 PSYoungGen      total 125952K, used 320K [0x00000000d6600000, 0x00000000ef700000, 0x0000000100000000)
  eden space 125440K, 0% used [0x00000000d6600000,0x00000000d6600000,0x00000000de080000)
  from space 512K, 62% used [0x00000000ef680000,0x00000000ef6d0000,0x00000000ef700000)
  to   space 2048K, 0% used [0x00000000ef300000,0x00000000ef300000,0x00000000ef500000)
 ParOldGen       total 96768K, used 32029K [0x0000000083200000, 0x0000000089080000, 0x00000000d6600000)
  object space 96768K, 33% used [0x0000000083200000,0x0000000085147430,0x0000000089080000)
 Metaspace       used 44290K, capacity 44914K, committed 45144K, reserved 1089536K
  class space    used 5817K, capacity 6004K, committed 6016K, reserved 1048576K
}
Event: 154.328 GC heap before
{Heap before GC invocations=57 (full 2):
 PSYoungGen      total 125952K, used 125760K [0x00000000d6600000, 0x00000000ef700000, 0x0000000100000000)
  eden space 125440K, 100% used [0x00000000d6600000,0x00000000de080000,0x00000000de080000)
  from space 512K, 62% used [0x00000000ef680000,0x00000000ef6d0000,0x00000000ef700000)
  to   space 2048K, 0% used [0x00000000ef300000,0x00000000ef300000,0x00000000ef500000)
 ParOldGen       total 96768K, used 32029K [0x0000000083200000, 0x0000000089080000, 0x00000000d6600000)
  object space 96768K, 33% used [0x0000000083200000,0x0000000085147430,0x0000000089080000)
 Metaspace       used 44290K, capacity 44914K, committed 45144K, reserved 1089536K
  class space    used 5817K, capacity 6004K, committed 6016K, reserved 1048576K
Event: 154.330 GC heap after
Heap after GC invocations=57 (full 2):
 PSYoungGen      total 123392K, used 320K [0x00000000d6600000, 0x00000000ef700000, 0x0000000100000000)
  eden space 121344K, 0% used [0x00000000d6600000,0x00000000d6600000,0x00000000ddc80000)
  from space 2048K, 15% used [0x00000000ef300000,0x00000000ef350000,0x00000000ef500000)
  to   space 2048K, 0% used [0x00000000ef500000,0x00000000ef500000,0x00000000ef700000)
 ParOldGen       total 96768K, used 32029K [0x0000000083200000, 0x0000000089080000, 0x00000000d6600000)
  object space 96768K, 33% used [0x0000000083200000,0x0000000085147430,0x0000000089080000)
 Metaspace       used 44290K, capacity 44914K, committed 45144K, reserved 1089536K
  class space    used 5817K, capacity 6004K, committed 6016K, reserved 1048576K
}
Event: 155.526 GC heap before
{Heap before GC invocations=58 (full 2):
 PSYoungGen      total 123392K, used 121664K [0x00000000d6600000, 0x00000000ef700000, 0x0000000100000000)
  eden space 121344K, 100% used [0x00000000d6600000,0x00000000ddc80000,0x00000000ddc80000)
  from space 2048K, 15% used [0x00000000ef300000,0x00000000ef350000,0x00000000ef500000)
  to   space 2048K, 0% used [0x00000000ef500000,0x00000000ef500000,0x00000000ef700000)
 ParOldGen       total 96768K, used 32029K [0x0000000083200000, 0x0000000089080000, 0x00000000d6600000)
  object space 96768K, 33% used [0x0000000083200000,0x0000000085147430,0x0000000089080000)
 Metaspace       used 44290K, capacity 44914K, committed 45144K, reserved 1089536K
  class space    used 5817K, capacity 6004K, committed 6016K, reserved 1048576K
Event: 155.528 GC heap after
Heap after GC invocations=58 (full 2):
 PSYoungGen      total 118272K, used 352K [0x00000000d6600000, 0x00000000ef580000, 0x0000000100000000)
  eden space 117760K, 0% used [0x00000000d6600000,0x00000000d6600000,0x00000000dd900000)
  from space 512K, 68% used [0x00000000ef500000,0x00000000ef558000,0x00000000ef580000)
  to   space 1536K, 0% used [0x00000000ef280000,0x00000000ef280000,0x00000000ef400000)
 ParOldGen       total 96768K, used 32037K [0x0000000083200000, 0x0000000089080000, 0x00000000d6600000)
  object space 96768K, 33% used [0x0000000083200000,0x0000000085149430,0x0000000089080000)
 Metaspace       used 44290K, capacity 44914K, committed 45144K, reserved 1089536K
  class space    used 5817K, capacity 6004K, committed 6016K, reserved 1048576K
}
Event: 156.689 GC heap before
{Heap before GC invocations=59 (full 2):
 PSYoungGen      total 118272K, used 118112K [0x00000000d6600000, 0x00000000ef580000, 0x0000000100000000)
  eden space 117760K, 100% used [0x00000000d6600000,0x00000000dd900000,0x00000000dd900000)
  from space 512K, 68% used [0x00000000ef500000,0x00000000ef558000,0x00000000ef580000)
  to   space 1536K, 0% used [0x00000000ef280000,0x00000000ef280000,0x00000000ef400000)
 ParOldGen       total 96768K, used 32037K [0x0000000083200000, 0x0000000089080000, 0x00000000d6600000)
  object space 96768K, 33% used [0x0000000083200000,0x0000000085149430,0x0000000089080000)
 Metaspace       used 44290K, capacity 44914K, committed 45144K, reserved 1089536K
  class space    used 5817K, capacity 6004K, committed 6016K, reserved 1048576K
Event: 156.690 GC heap after
Heap after GC invocations=59 (full 2):
 PSYoungGen      total 115712K, used 320K [0x00000000d6600000, 0x00000000ef580000, 0x0000000100000000)
  eden space 114176K, 0% used [0x00000000d6600000,0x00000000d6600000,0x00000000dd580000)
  from space 1536K, 20% used [0x00000000ef280000,0x00000000ef2d0000,0x00000000ef400000)
  to   space 1536K, 0% used [0x00000000ef400000,0x00000000ef400000,0x00000000ef580000)
 ParOldGen       total 96768K, used 32045K [0x0000000083200000, 0x0000000089080000, 0x00000000d6600000)
  object space 96768K, 33% used [0x0000000083200000,0x000000008514b430,0x0000000089080000)
 Metaspace       used 44290K, capacity 44914K, committed 45144K, reserved 1089536K
  class space    used 5817K, capacity 6004K, committed 6016K, reserved 1048576K
}

